# JRE version: OpenJDK Runtime Environment (8.0_152-b28) (build 1.8.0_152-release-1343-b28)
# Java VM: OpenJDK 64-Bit Server VM (25.152-b28 mixed mode linux-amd64 compressed oops)
Heap:
 par new generation   total 230400K, used 174595K [0x00000000d1200000, 0x00000000e0c00000, 0x00000000e0c00000)
  eden space 204800K,  83% used [0x00000000d1200000, 0x00000000db918658, 0x00000000dda00000)
  from space 25600K,  13% used [0x00000000df300000, 0x00000000df668990, 0x00000000e0c00000)
  to   space 25600K,   0% used [0x00000000dda00000, 0x00000000dda00000, 0x00000000df300000)
 concurrent mark-sweep generation total 512000K, used 163910K [0x00000000e0c00000, 0x0000000100000000, 0x0000000100000000)
 Metaspace       used 183038K, capacity 194364K, committed 194752K, reserved 1220608K
  class space    used 21657K, capacity 23541K, committed 23592K, reserved 1048576K
GC Heap History (10 events):
Event: 34405.025 GC heap before
{Heap before GC invocations=2360 (full 23):
 par new generation   total 230400K, used 207183K [0x00000000d1200000, 0x00000000e0c00000, 0x00000000e0c00000)
  eden space 204800K, 100% used [0x00000000d1200000, 0x00000000dda00000, 0x00000000dda00000)
  from space 25600K,   9% used [0x00000000dda00000, 0x00000000ddc53c40, 0x00000000df300000)
  to   space 25600K,   0% used [0x00000000df300000, 0x00000000df300000, 0x00000000e0c00000)
 concurrent mark-sweep generation total 512000K, used 163709K [0x00000000e0c00000, 0x0000000100000000, 0x0000000100000000)
 Metaspace       used 182849K, capacity 194050K, committed 194752K, reserved 1220608K
  class space    used 21628K, capacity 23496K, committed 23592K, reserved 1048576K
Event: 34405.046 GC heap after
Heap after GC invocations=2361 (full 23):
 par new generation   total 230400K, used 2217K [0x00000000d1200000, 0x00000000e0c00000, 0x00000000e0c00000)
  eden space 204800K,   0% used [0x00000000d1200000, 0x00000000d1200000, 0x00000000dda00000)
  from space 25600K,   8% used [0x00000000df300000, 0x00000000df52a5d8, 0x00000000e0c00000)
  to   space 25600K,   0% used [0x00000000dda00000, 0x00000000dda00000, 0x00000000df300000)
 concurrent mark-sweep generation total 512000K, used 163719K [0x00000000e0c00000, 0x0000000100000000, 0x0000000100000000)
 Metaspace       used 182849K, capacity 194050K, committed 194752K, reserved 1220608K
  class space    used 21628K, capacity 23496K, committed 23592K, reserved 1048576K
}
Event: 34423.602 GC heap before
{Heap before GC invocations=2361 (full 23):
 par new generation   total 230400K, used 207017K [0x00000000d1200000, 0x00000000e0c00000, 0x00000000e0c00000)
  eden space 204800K, 100% used [0x00000000d1200000, 0x00000000dda00000, 0x00000000dda00000)
  from space 25600K,   8% used [0x00000000df300000, 0x00000000df52a5d8, 0x00000000e0c00000)
  to   space 25600K,   0% used [0x00000000dda00000, 0x00000000dda00000, 0x00000000df300000)
 concurrent mark-sweep generation total 512000K, used 163719K [0x00000000e0c00000, 0x0000000100000000, 0x0000000100000000)
 Metaspace       used 182849K, capacity 194050K, committed 194752K, reserved 1220608K
  class space    used 21628K, capacity 23496K, committed 23592K, reserved 1048576K
Event: 34423.627 GC heap after
Heap after GC invocations=2362 (full 23):
 par new generation   total 230400K, used 3471K [0x00000000d1200000, 0x00000000e0c00000, 0x00000000e0c00000)
  eden space 204800K,   0% used [0x00000000d1200000, 0x00000000d1200000, 0x00000000dda00000)
  from space 25600K,  13% used [0x00000000dda00000, 0x00000000ddd63e50, 0x00000000df300000)
  to   space 25600K,   0% used [0x00000000df300000, 0x00000000df300000, 0x00000000e0c00000)
 concurrent mark-sweep generation total 512000K, used 163731K [0x00000000e0c00000, 0x0000000100000000, 0x0000000100000000)
 Metaspace       used 182849K, capacity 194050K, committed 194752K, reserved 1220608K
  class space    used 21628K, capacity 23496K, committed 23592K, reserved 1048576K
}
Event: 34444.672 GC heap before
{Heap before GC invocations=2362 (full 23):
 par new generation   total 230400K, used 208271K [0x00000000d1200000, 0x00000000e0c00000, 0x00000000e0c00000)
  eden space 204800K, 100% used [0x00000000d1200000, 0x00000000dda00000, 0x00000000dda00000)
  from space 25600K,  13% used [0x00000000dda00000, 0x00000000ddd63e50, 0x00000000df300000)
  to   space 25600K,   0% used [0x00000000df300000, 0x00000000df300000, 0x00000000e0c00000)
 concurrent mark-sweep generation total 512000K, used 163731K [0x00000000e0c00000, 0x0000000100000000, 0x0000000100000000)
 Metaspace       used 182849K, capacity 194050K, committed 194752K, reserved 1220608K
  class space    used 21628K, capacity 23496K, committed 23592K, reserved 1048576K
Event: 34444.693 GC heap after
Heap after GC invocations=2363 (full 23):
 par new generation   total 230400K, used 1729K [0x00000000d1200000, 0x00000000e0c00000, 0x00000000e0c00000)
  eden space 204800K,   0% used [0x00000000d1200000, 0x00000000d1200000, 0x00000000dda00000)
  from space 25600K,   6% used [0x00000000df300000, 0x00000000df4b0440, 0x00000000e0c00000)
  to   space 25600K,   0% used [0x00000000dda00000, 0x00000000dda00000, 0x00000000df300000)
 concurrent mark-sweep generation total 512000K, used 163744K [0x00000000e0c00000, 0x0000000100000000, 0x0000000100000000)
 Metaspace       used 182849K, capacity 194050K, committed 194752K, reserved 1220608K
  class space    used 21628K, capacity 23496K, committed 23592K, reserved 1048576K
}
Event: 34453.265 GC heap before
{Heap before GC invocations=2363 (full 23):
 par new generation   total 230400K, used 206529K [0x00000000d1200000, 0x00000000e0c00000, 0x00000000e0c00000)
  eden space 204800K, 100% used [0x00000000d1200000, 0x00000000dda00000, 0x00000000dda00000)
  from space 25600K,   6% used [0x00000000df300000, 0x00000000df4b0440, 0x00000000e0c00000)
  to   space 25600K,   0% used [0x00000000dda00000, 0x00000000dda00000, 0x00000000df300000)
 concurrent mark-sweep generation total 512000K, used 163744K [0x00000000e0c00000, 0x0000000100000000, 0x0000000100000000)
 Metaspace       used 182849K, capacity 194050K, committed 194752K, reserved 1220608K
  class space    used 21628K, capacity 23496K, committed 23592K, reserved 1048576K
Event: 34453.270 GC heap after
Heap after GC invocations=2364 (full 23):
 par new generation   total 230400K, used 712K [0x00000000d1200000, 0x00000000e0c00000, 0x00000000e0c00000)
  eden space 204800K,   0% used [0x00000000d1200000, 0x00000000d1200000, 0x00000000dda00000)
  from space 25600K,   2% used [0x00000000dda00000, 0x00000000ddab2268, 0x00000000df300000)
  to   space 25600K,   0% used [0x00000000df300000, 0x00000000df300000, 0x00000000e0c00000)
 concurrent mark-sweep generation total 512000K, used 163757K [0x00000000e0c00000, 0x0000000100000000, 0x0000000100000000)
 Metaspace       used 182849K, capacity 194050K, committed 194752K, reserved 1220608K
  class space    used 21628K, capacity 23496K, committed 23592K, reserved 1048576K
}
Event: 34479.379 GC heap before
{Heap before GC invocations=2364 (full 23):
 par new generation   total 230400K, used 205512K [0x00000000d1200000, 0x00000000e0c00000, 0x00000000e0c00000)
  eden space 204800K, 100% used [0x00000000d1200000, 0x00000000dda00000, 0x00000000dda00000)
  from space 25600K,   2% used [0x00000000dda00000, 0x00000000ddab2268, 0x00000000df300000)
  to   space 25600K,   0% used [0x00000000df300000, 0x00000000df300000, 0x00000000e0c00000)
 concurrent mark-sweep generation total 512000K, used 163757K [0x00000000e0c00000, 0x0000000100000000, 0x0000000100000000)
 Metaspace       used 182849K, capacity 194050K, committed 194752K, reserved 1220608K
  class space    used 21628K, capacity 23496K, committed 23592K, reserved 1048576K
Event: 34479.416 GC heap after
Heap after GC invocations=2365 (full 23):
 par new generation   total 230400K, used 3490K [0x00000000d1200000, 0x00000000e0c00000, 0x00000000e0c00000)
  eden space 204800K,   0% used [0x00000000d1200000, 0x00000000d1200000, 0x00000000dda00000)
  from space 25600K,  13% used [0x00000000df300000, 0x00000000df668990, 0x00000000e0c00000)
  to   space 25600K,   0% used [0x00000000dda00000, 0x00000000dda00000, 0x00000000df300000)
 concurrent mark-sweep generation total 512000K, used 163910K [0x00000000e0c00000, 0x0000000100000000, 0x0000000100000000)
 Metaspace       used 182849K, capacity 194050K, committed 194752K, reserved 1220608K
  class space    used 21628K, capacity 23496K, committed 23592K, reserved 1048576K
}

