# JRE version: OpenJDK Runtime Environment (8.0_152-b28) (build 1.8.0_152-release-1343-b28)
# Java VM: OpenJDK 64-Bit Server VM (25.152-b28 mixed mode linux-amd64 compressed oops)
Heap:
 par new generation   total 39296K, used 5423K [0x00000000d1200000, 0x00000000d3ca0000, 0x00000000e0c00000)
  eden space 34944K,  13% used [0x00000000d1200000, 0x00000000d16791e0, 0x00000000d3420000)
  from space 4352K,  19% used [0x00000000d3420000, 0x00000000d34f2de8, 0x00000000d3860000)
  to   space 4352K,   0% used [0x00000000d3860000, 0x00000000d3860000, 0x00000000d3ca0000)
 concurrent mark-sweep generation total 291824K, used 183089K [0x00000000e0c00000, 0x00000000f28fc000, 0x0000000100000000)
 Metaspace       used 185966K, capacity 198649K, committed 198968K, reserved 1224704K
  class space    used 22240K, capacity 24354K, committed 24432K, reserved 1048576K
GC Heap History (10 events):
Event: 33221.401 GC heap before
{Heap before GC invocations=2779 (full 36):
 par new generation   total 39296K, used 35561K [0x00000000d1200000, 0x00000000d3ca0000, 0x00000000e0c00000)
  eden space 34944K, 100% used [0x00000000d1200000, 0x00000000d3420000, 0x00000000d3420000)
  from space 4352K,  14% used [0x00000000d3860000, 0x00000000d38fa760, 0x00000000d3ca0000)
  to   space 4352K,   0% used [0x00000000d3420000, 0x00000000d3420000, 0x00000000d3860000)
 concurrent mark-sweep generation total 291824K, used 182950K [0x00000000e0c00000, 0x00000000f28fc000, 0x0000000100000000)
 Metaspace       used 185801K, capacity 198273K, committed 198712K, reserved 1224704K
  class space    used 22210K, capacity 24316K, committed 24432K, reserved 1048576K
Event: 33221.406 GC heap after
Heap after GC invocations=2780 (full 36):
 par new generation   total 39296K, used 846K [0x00000000d1200000, 0x00000000d3ca0000, 0x00000000e0c00000)
  eden space 34944K,   0% used [0x00000000d1200000, 0x00000000d1200000, 0x00000000d3420000)
  from space 4352K,  19% used [0x00000000d3420000, 0x00000000d34f3a00, 0x00000000d3860000)
  to   space 4352K,   0% used [0x00000000d3860000, 0x00000000d3860000, 0x00000000d3ca0000)
 concurrent mark-sweep generation total 291824K, used 183003K [0x00000000e0c00000, 0x00000000f28fc000, 0x0000000100000000)
 Metaspace       used 185801K, capacity 198273K, committed 198712K, reserved 1224704K
  class space    used 22210K, capacity 24316K, committed 24432K, reserved 1048576K
}
Event: 33225.842 GC heap before
{Heap before GC invocations=2780 (full 36):
 par new generation   total 39296K, used 35790K [0x00000000d1200000, 0x00000000d3ca0000, 0x00000000e0c00000)
  eden space 34944K, 100% used [0x00000000d1200000, 0x00000000d3420000, 0x00000000d3420000)
  from space 4352K,  19% used [0x00000000d3420000, 0x00000000d34f3a00, 0x00000000d3860000)
  to   space 4352K,   0% used [0x00000000d3860000, 0x00000000d3860000, 0x00000000d3ca0000)
 concurrent mark-sweep generation total 291824K, used 183003K [0x00000000e0c00000, 0x00000000f28fc000, 0x0000000100000000)
 Metaspace       used 185806K, capacity 198279K, committed 198712K, reserved 1224704K
  class space    used 22212K, capacity 24317K, committed 24432K, reserved 1048576K
Event: 33225.845 GC heap after
Heap after GC invocations=2781 (full 36):
 par new generation   total 39296K, used 585K [0x00000000d1200000, 0x00000000d3ca0000, 0x00000000e0c00000)
  eden space 34944K,   0% used [0x00000000d1200000, 0x00000000d1200000, 0x00000000d3420000)
  from space 4352K,  13% used [0x00000000d3860000, 0x00000000d38f24e0, 0x00000000d3ca0000)
  to   space 4352K,   0% used [0x00000000d3420000, 0x00000000d3420000, 0x00000000d3860000)
 concurrent mark-sweep generation total 291824K, used 183070K [0x00000000e0c00000, 0x00000000f28fc000, 0x0000000100000000)
 Metaspace       used 185806K, capacity 198279K, committed 198712K, reserved 1224704K
  class space    used 22212K, capacity 24317K, committed 24432K, reserved 1048576K
}
Event: 33235.871 GC heap before
{Heap before GC invocations=2781 (full 36):
 par new generation   total 39296K, used 35529K [0x00000000d1200000, 0x00000000d3ca0000, 0x00000000e0c00000)
  eden space 34944K, 100% used [0x00000000d1200000, 0x00000000d3420000, 0x00000000d3420000)
  from space 4352K,  13% used [0x00000000d3860000, 0x00000000d38f24e0, 0x00000000d3ca0000)
  to   space 4352K,   0% used [0x00000000d3420000, 0x00000000d3420000, 0x00000000d3860000)
 concurrent mark-sweep generation total 291824K, used 183070K [0x00000000e0c00000, 0x00000000f28fc000, 0x0000000100000000)
 Metaspace       used 185816K, capacity 198279K, committed 198712K, reserved 1224704K
  class space    used 22212K, capacity 24317K, committed 24432K, reserved 1048576K
Event: 33235.877 GC heap after
Heap after GC invocations=2782 (full 36):
 par new generation   total 39296K, used 765K [0x00000000d1200000, 0x00000000d3ca0000, 0x00000000e0c00000)
  eden space 34944K,   0% used [0x00000000d1200000, 0x00000000d1200000, 0x00000000d3420000)
  from space 4352K,  17% used [0x00000000d3420000, 0x00000000d34df4b8, 0x00000000d3860000)
  to   space 4352K,   0% used [0x00000000d3860000, 0x00000000d3860000, 0x00000000d3ca0000)
 concurrent mark-sweep generation total 291824K, used 183087K [0x00000000e0c00000, 0x00000000f28fc000, 0x0000000100000000)
 Metaspace       used 185816K, capacity 198279K, committed 198712K, reserved 1224704K
  class space    used 22212K, capacity 24317K, committed 24432K, reserved 1048576K
}
Event: 33238.683 GC heap before
{Heap before GC invocations=2782 (full 36):
 par new generation   total 39296K, used 35709K [0x00000000d1200000, 0x00000000d3ca0000, 0x00000000e0c00000)
  eden space 34944K, 100% used [0x00000000d1200000, 0x00000000d3420000, 0x00000000d3420000)
  from space 4352K,  17% used [0x00000000d3420000, 0x00000000d34df4b8, 0x00000000d3860000)
  to   space 4352K,   0% used [0x00000000d3860000, 0x00000000d3860000, 0x00000000d3ca0000)
 concurrent mark-sweep generation total 291824K, used 183087K [0x00000000e0c00000, 0x00000000f28fc000, 0x0000000100000000)
 Metaspace       used 185816K, capacity 198279K, committed 198712K, reserved 1224704K
  class space    used 22212K, capacity 24317K, committed 24432K, reserved 1048576K
Event: 33238.689 GC heap after
Heap after GC invocations=2783 (full 36):
 par new generation   total 39296K, used 1180K [0x00000000d1200000, 0x00000000d3ca0000, 0x00000000e0c00000)
  eden space 34944K,   0% used [0x00000000d1200000, 0x00000000d1200000, 0x00000000d3420000)
  from space 4352K,  27% used [0x00000000d3860000, 0x00000000d39871f8, 0x00000000d3ca0000)
  to   space 4352K,   0% used [0x00000000d3420000, 0x00000000d3420000, 0x00000000d3860000)
 concurrent mark-sweep generation total 291824K, used 183089K [0x00000000e0c00000, 0x00000000f28fc000, 0x0000000100000000)
 Metaspace       used 185816K, capacity 198279K, committed 198712K, reserved 1224704K
  class space    used 22212K, capacity 24317K, committed 24432K, reserved 1048576K
}
Event: 33285.222 GC heap before
{Heap before GC invocations=2783 (full 36):
 par new generation   total 39296K, used 36115K [0x00000000d1200000, 0x00000000d3ca0000, 0x00000000e0c00000)
  eden space 34944K,  99% used [0x00000000d1200000, 0x00000000d341da78, 0x00000000d3420000)
  from space 4352K,  27% used [0x00000000d3860000, 0x00000000d39871f8, 0x00000000d3ca0000)
  to   space 4352K,   0% used [0x00000000d3420000, 0x00000000d3420000, 0x00000000d3860000)
 concurrent mark-sweep generation total 291824K, used 183089K [0x00000000e0c00000, 0x00000000f28fc000, 0x0000000100000000)
 Metaspace       used 185957K, capacity 198643K, committed 198968K, reserved 1224704K
  class space    used 22239K, capacity 24353K, committed 24432K, reserved 1048576K
Event: 33285.229 GC heap after
Heap after GC invocations=2784 (full 36):
 par new generation   total 39296K, used 843K [0x00000000d1200000, 0x00000000d3ca0000, 0x00000000e0c00000)
  eden space 34944K,   0% used [0x00000000d1200000, 0x00000000d1200000, 0x00000000d3420000)
  from space 4352K,  19% used [0x00000000d3420000, 0x00000000d34f2de8, 0x00000000d3860000)
  to   space 4352K,   0% used [0x00000000d3860000, 0x00000000d3860000, 0x00000000d3ca0000)
 concurrent mark-sweep generation total 291824K, used 183089K [0x00000000e0c00000, 0x00000000f28fc000, 0x0000000100000000)
 Metaspace       used 185957K, capacity 198643K, committed 198968K, reserved 1224704K
  class space    used 22239K, capacity 24353K, committed 24432K, reserved 1048576K
}

